<?xml version="1.0" encoding="UTF-8"?>
<testng-results ignored="0" total="2" passed="2" failed="0" skipped="0">
  <reporter-output>
  </reporter-output>
  <suite started-at="2022-08-23T00:21:20 IST" name="Surefire suite" finished-at="2022-08-23T00:21:47 IST" duration-ms="26946">
    <groups>
      <group name="cucumber">
        <method signature="AbstractTestNGCucumberTests.runScenario(io.cucumber.testng.PickleWrapper, io.cucumber.testng.FeatureWrapper)[pri:0, instance:runner.TestNgRunner@7d8704ef]" name="runScenario" class="io.cucumber.testng.AbstractTestNGCucumberTests"/>
      </group> <!-- cucumber -->
    </groups>
    <test started-at="2022-08-23T00:21:20 IST" name="Surefire test" finished-at="2022-08-23T00:21:47 IST" duration-ms="26946">
      <class name="runner.TestNgRunner">
        <test-method is-config="true" signature="setUpClass(org.testng.ITestContext)[pri:0, instance:runner.TestNgRunner@7d8704ef]" started-at="2022-08-23T00:21:20 IST" name="setUpClass" finished-at="2022-08-23T00:21:21 IST" duration-ms="514" status="PASS">
          <params>
            <param index="0">
              <value>
                <![CDATA[org.testng.TestRunner@34f5090e]]>
              </value>
            </param>
          </params>
          <reporter-output>
          </reporter-output>
        </test-method> <!-- setUpClass -->
        <test-method signature="runScenario(io.cucumber.testng.PickleWrapper, io.cucumber.testng.FeatureWrapper)[pri:0, instance:runner.TestNgRunner@7d8704ef]" started-at="2022-08-23T00:21:21 IST" name="runScenario" description="Runs Cucumber Scenarios" data-provider="scenarios" finished-at="2022-08-23T00:21:36 IST" duration-ms="14674" status="PASS">
          <params>
            <param index="0">
              <value>
                <![CDATA["Search Exp in both Product and Offer page"]]>
              </value>
            </param>
            <param index="1">
              <value>
                <![CDATA["Search and place the order for Products"]]>
              </value>
            </param>
          </params>
          <reporter-output>
          </reporter-output>
        </test-method> <!-- runScenario -->
        <test-method signature="runScenario(io.cucumber.testng.PickleWrapper, io.cucumber.testng.FeatureWrapper)[pri:0, instance:runner.TestNgRunner@7d8704ef]" started-at="2022-08-23T00:21:36 IST" name="runScenario" description="Runs Cucumber Scenarios" data-provider="scenarios" finished-at="2022-08-23T00:21:47 IST" duration-ms="11646" status="PASS">
          <params>
            <param index="0">
              <value>
                <![CDATA["Search Exp in both Product and Offer page"]]>
              </value>
            </param>
            <param index="1">
              <value>
                <![CDATA["Search and place the order for Products"]]>
              </value>
            </param>
          </params>
          <reporter-output>
          </reporter-output>
        </test-method> <!-- runScenario -->
        <test-method is-config="true" signature="tearDownClass()[pri:0, instance:runner.TestNgRunner@7d8704ef]" started-at="2022-08-23T00:21:47 IST" name="tearDownClass" finished-at="2022-08-23T00:21:47 IST" duration-ms="83" status="PASS">
          <reporter-output>
          </reporter-output>
        </test-method> <!-- tearDownClass -->
      </class> <!-- runner.TestNgRunner -->
    </test> <!-- Surefire test -->
  </suite> <!-- Surefire suite -->
</testng-results>
