<?xml version="1.0" encoding="UTF-8"?>
<testng-results skipped="0" failed="1" ignored="0" total="4" passed="3">
  <reporter-output>
  </reporter-output>
  <suite name="Surefire suite" duration-ms="22474" started-at="2022-08-24T22:20:28 IST" finished-at="2022-08-24T22:20:51 IST">
    <groups>
      <group name="cucumber">
        <method signature="AbstractTestNGCucumberTests.runScenario(io.cucumber.testng.PickleWrapper, io.cucumber.testng.FeatureWrapper)[pri:0, instance:runner.TestNgTestRunner@305fd85d]" name="runScenario" class="io.cucumber.testng.AbstractTestNGCucumberTests"/>
      </group> <!-- cucumber -->
    </groups>
    <test name="Surefire test" duration-ms="22474" started-at="2022-08-24T22:20:28 IST" finished-at="2022-08-24T22:20:51 IST">
      <class name="runner.TestNgTestRunner">
        <test-method status="PASS" signature="setUpClass(org.testng.ITestContext)[pri:0, instance:runner.TestNgTestRunner@305fd85d]" name="setUpClass" is-config="true" duration-ms="498" started-at="2022-08-24T22:20:28 IST" finished-at="2022-08-24T22:20:29 IST">
          <params>
            <param index="0">
              <value>
                <![CDATA[org.testng.TestRunner@1fc2b765]]>
              </value>
            </param>
          </params>
          <reporter-output>
          </reporter-output>
        </test-method> <!-- setUpClass -->
        <test-method status="PASS" signature="runScenario(io.cucumber.testng.PickleWrapper, io.cucumber.testng.FeatureWrapper)[pri:0, instance:runner.TestNgTestRunner@305fd85d]" name="runScenario" duration-ms="19161" started-at="2022-08-24T22:20:29 IST" description="Runs Cucumber Scenarios" data-provider="scenarios" finished-at="2022-08-24T22:20:48 IST">
          <params>
            <param index="0">
              <value>
                <![CDATA["Check out the Products added to tthe cart in place order page"]]>
              </value>
            </param>
            <param index="1">
              <value>
                <![CDATA["Checkout for the Products"]]>
              </value>
            </param>
          </params>
          <reporter-output>
          </reporter-output>
        </test-method> <!-- runScenario -->
        <test-method status="PASS" signature="runScenario(io.cucumber.testng.PickleWrapper, io.cucumber.testng.FeatureWrapper)[pri:0, instance:runner.TestNgTestRunner@305fd85d]" name="runScenario" duration-ms="18208" started-at="2022-08-24T22:20:29 IST" description="Runs Cucumber Scenarios" data-provider="scenarios" finished-at="2022-08-24T22:20:47 IST">
          <params>
            <param index="0">
              <value>
                <![CDATA["Check out the Products added to tthe cart in place order page"]]>
              </value>
            </param>
            <param index="1">
              <value>
                <![CDATA["Checkout for the Products"]]>
              </value>
            </param>
          </params>
          <reporter-output>
          </reporter-output>
        </test-method> <!-- runScenario -->
        <test-method status="PASS" signature="runScenario(io.cucumber.testng.PickleWrapper, io.cucumber.testng.FeatureWrapper)[pri:0, instance:runner.TestNgTestRunner@305fd85d]" name="runScenario" duration-ms="12086" started-at="2022-08-24T22:20:29 IST" description="Runs Cucumber Scenarios" data-provider="scenarios" finished-at="2022-08-24T22:20:41 IST">
          <params>
            <param index="0">
              <value>
                <![CDATA["Search Exp in both Product and Offer page"]]>
              </value>
            </param>
            <param index="1">
              <value>
                <![CDATA["Search and place the order for Products"]]>
              </value>
            </param>
          </params>
          <reporter-output>
          </reporter-output>
        </test-method> <!-- runScenario -->
        <test-method status="FAIL" signature="runScenario(io.cucumber.testng.PickleWrapper, io.cucumber.testng.FeatureWrapper)[pri:0, instance:runner.TestNgTestRunner@305fd85d]" name="runScenario" duration-ms="16943" started-at="2022-08-24T22:20:29 IST" description="Runs Cucumber Scenarios" data-provider="scenarios" finished-at="2022-08-24T22:20:46 IST">
          <params>
            <param index="0">
              <value>
                <![CDATA["Check out the Products added to tthe cart in place order page"]]>
              </value>
            </param>
            <param index="1">
              <value>
                <![CDATA["Checkout for the Products"]]>
              </value>
            </param>
          </params>
          <exception class="org.openqa.selenium.NoSuchElementException">
            <message>
              <![CDATA[no such element: Unable to locate element: {"method":"xpath","selector":"//h4[@class='product-name']"}
  (Session info: chrome=104.0.5112.102)
For documentation on this error, please visit: https://selenium.dev/exceptions/#no_such_element
Build info: version: '4.4.0', revision: 'e5c75ed026a'
System info: host: 'LAPTOP-8KGI7L9A', ip: '192.168.1.56', os.name: 'Windows 10', os.arch: 'amd64', os.version: '10.0', java.version: '1.8.0_251'
Driver info: org.openqa.selenium.chrome.ChromeDriver
Command: [c4b292cfc092e1e463e28a66dafbdd03, findElement {using=xpath, value=//h4[@class='product-name']}]
Capabilities {acceptInsecureCerts: false, browserName: chrome, browserVersion: 104.0.5112.102, chrome: {chromedriverVersion: 104.0.5112.79 (3cf3e8c8a07d..., userDataDir: C:\Users\BITTES~1\AppData\L...}, goog:chromeOptions: {debuggerAddress: localhost:64404}, networkConnectionEnabled: false, pageLoadStrategy: normal, platformName: WINDOWS, proxy: Proxy(), se:cdp: ws://localhost:64404/devtoo..., se:cdpVersion: 104.0.5112.102, setWindowRect: true, strictFileInteractability: false, timeouts: {implicit: 0, pageLoad: 300000, script: 30000}, unhandledPromptBehavior: dismiss and notify, webauthn:extension:credBlob: true, webauthn:extension:largeBlob: true, webauthn:virtualAuthenticators: true}
Session ID: c4b292cfc092e1e463e28a66dafbdd03]]>
            </message>
            <full-stacktrace>
              <![CDATA[org.openqa.selenium.NoSuchElementException: no such element: Unable to locate element: {"method":"xpath","selector":"//h4[@class='product-name']"}
  (Session info: chrome=104.0.5112.102)
For documentation on this error, please visit: https://selenium.dev/exceptions/#no_such_element
Build info: version: '4.4.0', revision: 'e5c75ed026a'
System info: host: 'LAPTOP-8KGI7L9A', ip: '192.168.1.56', os.name: 'Windows 10', os.arch: 'amd64', os.version: '10.0', java.version: '1.8.0_251'
Driver info: org.openqa.selenium.chrome.ChromeDriver
Command: [c4b292cfc092e1e463e28a66dafbdd03, findElement {using=xpath, value=//h4[@class='product-name']}]
Capabilities {acceptInsecureCerts: false, browserName: chrome, browserVersion: 104.0.5112.102, chrome: {chromedriverVersion: 104.0.5112.79 (3cf3e8c8a07d..., userDataDir: C:\Users\BITTES~1\AppData\L...}, goog:chromeOptions: {debuggerAddress: localhost:64404}, networkConnectionEnabled: false, pageLoadStrategy: normal, platformName: WINDOWS, proxy: Proxy(), se:cdp: ws://localhost:64404/devtoo..., se:cdpVersion: 104.0.5112.102, setWindowRect: true, strictFileInteractability: false, timeouts: {implicit: 0, pageLoad: 300000, script: 30000}, unhandledPromptBehavior: dismiss and notify, webauthn:extension:credBlob: true, webauthn:extension:largeBlob: true, webauthn:virtualAuthenticators: true}
Session ID: c4b292cfc092e1e463e28a66dafbdd03
at sun.reflect.NativeConstructorAccessorImpl.newInstance0(Native Method)
at sun.reflect.NativeConstructorAccessorImpl.newInstance(NativeConstructorAccessorImpl.java:62)
at sun.reflect.DelegatingConstructorAccessorImpl.newInstance(DelegatingConstructorAccessorImpl.java:45)
at java.lang.reflect.Constructor.newInstance(Constructor.java:423)
at org.openqa.selenium.remote.codec.w3c.W3CHttpResponseCodec.createException(W3CHttpResponseCodec.java:200)
at org.openqa.selenium.remote.codec.w3c.W3CHttpResponseCodec.decode(W3CHttpResponseCodec.java:133)
at org.openqa.selenium.remote.codec.w3c.W3CHttpResponseCodec.decode(W3CHttpResponseCodec.java:53)
at org.openqa.selenium.remote.HttpCommandExecutor.execute(HttpCommandExecutor.java:184)
at org.openqa.selenium.remote.service.DriverCommandExecutor.invokeExecute(DriverCommandExecutor.java:167)
at org.openqa.selenium.remote.service.DriverCommandExecutor.execute(DriverCommandExecutor.java:142)
at org.openqa.selenium.remote.RemoteWebDriver.execute(RemoteWebDriver.java:547)
at org.openqa.selenium.remote.ElementLocation$ElementFinder$2.findElement(ElementLocation.java:162)
at org.openqa.selenium.remote.ElementLocation.findElement(ElementLocation.java:60)
at org.openqa.selenium.remote.RemoteWebDriver.findElement(RemoteWebDriver.java:365)
at org.openqa.selenium.remote.RemoteWebDriver.findElement(RemoteWebDriver.java:357)
at com.qa.cart.pages.GreenCartSearchPage.productName(GreenCartSearchPage.java:39)
at stepDefinitions.GreencartStepdeffile.user_search_with_the_short_namewith_and_extracted_actual_name_of_the_product(GreencartStepdeffile.java:65)
at ✽.User search with the Short name with tomcat and extracted actual name of the product(file:///C:/Users/Bitteswar/eclipse-workspace/NewSeleniumPractise/CucumberProject2Parallelsettings/src/test/java/features/PlacetheOrderProducts.feature:6)
]]>
            </full-stacktrace>
          </exception> <!-- org.openqa.selenium.NoSuchElementException -->
          <reporter-output>
          </reporter-output>
        </test-method> <!-- runScenario -->
        <test-method status="PASS" signature="tearDownClass()[pri:0, instance:runner.TestNgTestRunner@305fd85d]" name="tearDownClass" is-config="true" duration-ms="2777" started-at="2022-08-24T22:20:48 IST" finished-at="2022-08-24T22:20:51 IST">
          <reporter-output>
          </reporter-output>
        </test-method> <!-- tearDownClass -->
      </class> <!-- runner.TestNgTestRunner -->
    </test> <!-- Surefire test -->
  </suite> <!-- Surefire suite -->
</testng-results>
