<?xml version="1.0" encoding="UTF-8"?>
<testsuite xmlns:xsi="http://www.w3.org/2001/XMLSchema-instance" xsi:noNamespaceSchemaLocation="https://maven.apache.org/surefire/maven-surefire-plugin/xsd/surefire-test-report.xsd" name="runner.TestNgTestRunner" time="22.944" tests="4" errors="0" skipped="0" failures="1">
  <properties>
[...]
</properties>
  <testcase name="runScenario" classname="runner.TestNgTestRunner" time="12.087"/>
  <testcase name="runScenario" classname="runner.TestNgTestRunner" time="16.949">
    <failure message="no such element: Unable to locate element: {&quot;method&quot;:&quot;xpath&quot;,&quot;selector&quot;:&quot;//h4[@class=&apos;product-name&apos;]&quot;}&#10;  (Session info: chrome=104.0.5112.102)&#10;For documentation on this error, please visit: https://selenium.dev/exceptions/#no_such_element&#10;Build info: version: &apos;4.4.0&apos;, revision: &apos;e5c75ed026a&apos;&#10;System info: host: &apos;LAPTOP-8KGI7L9A&apos;, ip: &apos;192.168.1.56&apos;, os.name: &apos;Windows 10&apos;, os.arch: &apos;amd64&apos;, os.version: &apos;10.0&apos;, java.version: &apos;1.8.0_251&apos;&#10;Driver info: org.openqa.selenium.chrome.ChromeDriver&#10;Command: [c4b292cfc092e1e463e28a66dafbdd03, findElement {using=xpath, value=//h4[@class=&apos;product-name&apos;]}]&#10;Capabilities {acceptInsecureCerts: false, browserName: chrome, browserVersion: 104.0.5112.102, chrome: {chromedriverVersion: 104.0.5112.79 (3cf3e8c8a07d..., userDataDir: C:\Users\BITTES~1\AppData\L...}, goog:chromeOptions: {debuggerAddress: localhost:64404}, networkConnectionEnabled: false, pageLoadStrategy: normal, platformName: WINDOWS, proxy: Proxy(), se:cdp: ws://localhost:64404/devtoo..., se:cdpVersion: 104.0.5112.102, setWindowRect: true, strictFileInteractability: false, timeouts: {implicit: 0, pageLoad: 300000, script: 30000}, unhandledPromptBehavior: dismiss and notify, webauthn:extension:credBlob: true, webauthn:extension:largeBlob: true, webauthn:virtualAuthenticators: true}&#10;Session ID: c4b292cfc092e1e463e28a66dafbdd03" type="org.openqa.selenium.NoSuchElementException">org.openqa.selenium.NoSuchElementException: 
no such element: Unable to locate element: {"method":"xpath","selector":"//h4[@class='product-name']"}
  (Session info: chrome=104.0.5112.102)
For documentation on this error, please visit: https://selenium.dev/exceptions/#no_such_element
Build info: version: '4.4.0', revision: 'e5c75ed026a'
System info: host: 'LAPTOP-8KGI7L9A', ip: '192.168.1.56', os.name: 'Windows 10', os.arch: 'amd64', os.version: '10.0', java.version: '1.8.0_251'
Driver info: org.openqa.selenium.chrome.ChromeDriver
Command: [c4b292cfc092e1e463e28a66dafbdd03, findElement {using=xpath, value=//h4[@class='product-name']}]
Capabilities {acceptInsecureCerts: false, browserName: chrome, browserVersion: 104.0.5112.102, chrome: {chromedriverVersion: 104.0.5112.79 (3cf3e8c8a07d..., userDataDir: C:\Users\BITTES~1\AppData\L...}, goog:chromeOptions: {debuggerAddress: localhost:64404}, networkConnectionEnabled: false, pageLoadStrategy: normal, platformName: WINDOWS, proxy: Proxy(), se:cdp: ws://localhost:64404/devtoo..., se:cdpVersion: 104.0.5112.102, setWindowRect: true, strictFileInteractability: false, timeouts: {implicit: 0, pageLoad: 300000, script: 30000}, unhandledPromptBehavior: dismiss and notify, webauthn:extension:credBlob: true, webauthn:extension:largeBlob: true, webauthn:virtualAuthenticators: true}
Session ID: c4b292cfc092e1e463e28a66dafbdd03
</failure>
    <system-out><![CDATA[  And Added "3" Items of the selected product to cart                                       # stepDefinitions.GreencartStepdeffile.added_items_of_the_selected_product_to_cart(java.lang.String)
Add to cart button has been clicked
Add to cart button has been clicked
  When User search with the Short name with tomcat and extracted actual name of the product # stepDefinitions.GreencartStepdeffile.user_search_with_the_short_namewith_and_extracted_actual_name_of_the_product(java.lang.String)
      org.openqa.selenium.NoSuchElementException: no such element: Unable to locate element: {"method":"xpath","selector":"//h4[@class='product-name']"}
  (Session info: chrome=104.0.5112.102)
For documentation on this error, please visit: https://selenium.dev/exceptions/#no_such_element
Build info: version: '4.4.0', revision: 'e5c75ed026a'
System info: host: 'LAPTOP-8KGI7L9A', ip: '192.168.1.56', os.name: 'Windows 10', os.arch: 'amd64', os.version: '10.0', java.version: '1.8.0_251'
Driver info: org.openqa.selenium.chrome.ChromeDriver
Command: [c4b292cfc092e1e463e28a66dafbdd03, findElement {using=xpath, value=//h4[@class='product-name']}]
Capabilities {acceptInsecureCerts: false, browserName: chrome, browserVersion: 104.0.5112.102, chrome: {chromedriverVersion: 104.0.5112.79 (3cf3e8c8a07d..., userDataDir: C:\Users\BITTES~1\AppData\L...}, goog:chromeOptions: {debuggerAddress: localhost:64404}, networkConnectionEnabled: false, pageLoadStrategy: normal, platformName: WINDOWS, proxy: Proxy(), se:cdp: ws://localhost:64404/devtoo..., se:cdpVersion: 104.0.5112.102, setWindowRect: true, strictFileInteractability: false, timeouts: {implicit: 0, pageLoad: 300000, script: 30000}, unhandledPromptBehavior: dismiss and notify, webauthn:extension:credBlob: true, webauthn:extension:largeBlob: true, webauthn:virtualAuthenticators: true}
Session ID: c4b292cfc092e1e463e28a66dafbdd03
	at sun.reflect.NativeConstructorAccessorImpl.newInstance0(Native Method)
	at sun.reflect.NativeConstructorAccessorImpl.newInstance(NativeConstructorAccessorImpl.java:62)
	at sun.reflect.DelegatingConstructorAccessorImpl.newInstance(DelegatingConstructorAccessorImpl.java:45)
	at java.lang.reflect.Constructor.newInstance(Constructor.java:423)
	at org.openqa.selenium.remote.codec.w3c.W3CHttpResponseCodec.createException(W3CHttpResponseCodec.java:200)
	at org.openqa.selenium.remote.codec.w3c.W3CHttpResponseCodec.decode(W3CHttpResponseCodec.java:133)
	at org.openqa.selenium.remote.codec.w3c.W3CHttpResponseCodec.decode(W3CHttpResponseCodec.java:53)
	at org.openqa.selenium.remote.HttpCommandExecutor.execute(HttpCommandExecutor.java:184)
	at org.openqa.selenium.remote.service.DriverCommandExecutor.invokeExecute(DriverCommandExecutor.java:167)
	at org.openqa.selenium.remote.service.DriverCommandExecutor.execute(DriverCommandExecutor.java:142)
	at org.openqa.selenium.remote.RemoteWebDriver.execute(RemoteWebDriver.java:547)
	at org.openqa.selenium.remote.ElementLocation$ElementFinder$2.findElement(ElementLocation.java:162)
	at org.openqa.selenium.remote.ElementLocation.findElement(ElementLocation.java:60)
	at org.openqa.selenium.remote.RemoteWebDriver.findElement(RemoteWebDriver.java:365)
	at org.openqa.selenium.remote.RemoteWebDriver.findElement(RemoteWebDriver.java:357)
	at com.qa.cart.pages.GreenCartSearchPage.productName(GreenCartSearchPage.java:39)
	at stepDefinitions.GreencartStepdeffile.user_search_with_the_short_namewith_and_extracted_actual_name_of_the_product(GreencartStepdeffile.java:65)
	at âœ½.User search with the Short name with tomcat and extracted actual name of the product(file:///C:/Users/Bitteswar/eclipse-workspace/NewSeleniumPractise/CucumberProject2Parallelsettings/src/test/java/features/PlacetheOrderProducts.feature:6)

  And Added "3" Items of the selected product to cart                                       # stepDefinitions.GreencartStepdeffile.added_items_of_the_selected_product_to_cart(java.lang.String)
  Then User proceeds to the Checkout and Validate the tomcat items in chekout page          # stepDefinitions.ProductCartStepDefn.user_proceeds_to_the_checkout_and_validate_the_name_items_in_chekout_page(java.lang.String)

    Embedding Check_out_the_Products_added_to_tthe_cart_in_place_order_page [image/png 97906 bytes]

]]></system-out>
  </testcase>
  <testcase name="runScenario" classname="runner.TestNgTestRunner" time="18.207"/>
  <testcase name="runScenario" classname="runner.TestNgTestRunner" time="19.161"/>
</testsuite>